[2020-07-16 04:21:52/870 INFO] ### Log start (2020-07-16 04:21:52 -0500) [chatty.TwitchClient/<init>]
[2020-07-16 04:21:52/874 INFO] Chatty Version 0.12 Hotkey [chatty.TwitchClient/<init>]
[2020-07-16 04:21:52/880 INFO] Java: 1.8.0_241 (Oracle Corporation / C:\Program Files (x86)\Java\jre1.8.0_241) OS: Windows 10 (10.0/x86) Locale: en_US [chatty.TwitchClient/<init>]
[2020-07-16 04:21:52/881 INFO] [Working Directory] C:\Users\David\Documents\research\twitchScraper [Settings Directory] C:\Users\David\Documents\research\twitchScraper\chatty\ [Classpath] chatty/Chatty_0.12/Chatty.jar [chatty.TwitchClient/<init>]
[2020-07-16 04:21:52/910 INFO] Loading settings from file: settings [chatty.util.settings.Settings/loadSettingsFromJson]
[2020-07-16 04:21:52/911 WARNING] Error loading settings from file: java.nio.file.AccessDeniedException: C:\Users\David\Documents\research\twitchScraper\chatty\settings [chatty.util.settings.Settings/loadSettingsFromJson]
[2020-07-16 04:21:52/912 INFO] Loading settings from file: statusPresets [chatty.util.settings.Settings/loadSettingsFromJson]
[2020-07-16 04:21:52/913 WARNING] Error loading settings from file: java.nio.file.NoSuchFileException: C:\Users\David\Documents\research\twitchScraper\chatty\statusPresets [chatty.util.settings.Settings/loadSettingsFromJson]
[2020-07-16 04:21:52/914 INFO] Loading settings from file: favoritesAndHistory [chatty.util.settings.Settings/loadSettingsFromJson]
[2020-07-16 04:21:52/915 WARNING] Error loading settings from file: java.nio.file.NoSuchFileException: C:\Users\David\Documents\research\twitchScraper\chatty\favoritesAndHistory [chatty.util.settings.Settings/loadSettingsFromJson]
[2020-07-16 04:21:52/917 INFO] Loading settings from file: login [chatty.util.settings.Settings/loadSettingsFromJson]
[2020-07-16 04:21:52/927 INFO] Migrating Favorites/History [chatty.SettingsManager/overrideSettings]
[2020-07-16 04:21:52/929 INFO] Overriding hotkey setting: [dialog.streams, ctrl L, 1] [chatty.SettingsManager/overrideHotkeySettings]
[2020-07-16 04:21:52/929 INFO] Overriding hotkey setting: [dialog.toggleEmotes, ctrl E] [chatty.SettingsManager/overrideHotkeySettings]
[2020-07-16 04:21:52/930 INFO] Overriding hotkey setting: [dialog.search, ctrl F] [chatty.SettingsManager/overrideHotkeySettings]
[2020-07-16 04:21:52/931 INFO] Overriding hotkey setting: [dialog.joinChannel, ctrl J] [chatty.SettingsManager/overrideHotkeySettings]
[2020-07-16 04:21:52/931 INFO] Overriding hotkey setting: [window.toggleUserlist, shift F10, 1] [chatty.SettingsManager/overrideHotkeySettings]
[2020-07-16 04:21:52/932 INFO] Overriding hotkey setting: [window.toggleInput, ctrl F10, 1] [chatty.SettingsManager/overrideHotkeySettings]
[2020-07-16 04:21:52/933 INFO] Overriding hotkey setting: [window.toggleCompact, F10, 1] [chatty.SettingsManager/overrideHotkeySettings]
[2020-07-16 04:21:52/933 INFO] Overriding hotkey setting: [window.toggleCompactMaximized, F11, 1] [chatty.SettingsManager/overrideHotkeySettings]
[2020-07-16 04:21:52/934 INFO] Overriding hotkey setting: [tabs.close, ctrl W] [chatty.SettingsManager/overrideHotkeySettings]
[2020-07-16 04:21:52/935 INFO] Overriding hotkey setting: [tabs.next, ctrl TAB, 1] [chatty.SettingsManager/overrideHotkeySettings]
[2020-07-16 04:21:52/935 INFO] Overriding hotkey setting: [tabs.previous, ctrl shift TAB, 1] [chatty.SettingsManager/overrideHotkeySettings]
[2020-07-16 04:21:52/936 INFO] Overriding hotkey setting: [selection.toggle, ctrl SPACE] [chatty.SettingsManager/overrideHotkeySettings]
[2020-07-16 04:21:52/936 INFO] Overriding hotkey setting: [selection.toggle, ctrl S] [chatty.SettingsManager/overrideHotkeySettings]
[2020-07-16 04:21:52/937 INFO] Overriding hotkey setting: [about, F1, 1] [chatty.SettingsManager/overrideHotkeySettings]
[2020-07-16 04:21:52/959 INFO] [Backup] Latest: 1969-12-31 18:00:00 -0600 Delay: 1d Count: 1 Auto: 0 Keep: 10 [chatty.util.settings.FileManager/backup]
[2020-07-16 04:21:52/960 WARNING] [Backup] Failed: java.nio.file.AccessDeniedException: C:\Users\David\Documents\research\twitchScraper\chatty\settings [chatty.util.settings.FileManager/doBackup]
[2020-07-16 04:21:52/964 INFO] Didn't load addressbook from settings [chatty.Addressbook/loadFromSettings]
[2020-07-16 04:21:52/965 WARNING] Error reading addressbook: java.nio.file.NoSuchFileException: C:\Users\David\Documents\research\twitchScraper\chatty\addressbook [chatty.Addressbook/loadFromFile]
[2020-07-16 04:21:52/965 INFO] Read 0 addressbook entries from C:\Users\David\Documents\research\twitchScraper\chatty\addressbook [chatty.Addressbook/loadFromFile]
[2020-07-16 04:21:53/003 INFO] d3d: false (null) / noddraw: false (null) / opengl: (null) / retina: false [chatty.TwitchClient/initDxSettings]
[2020-07-16 04:21:53/045 INFO] [Localization] Loaded locale 'en' for requested '' [chatty.lang.Language/setLanguage]
[2020-07-16 04:21:53/053 INFO] ImageCache: Checking for old files in random directory.. [chatty.util.ImageCache/deleteExpiredFiles]
[2020-07-16 04:21:53/064 INFO] ImageCache: Checked 102 files in 8 subdirs (C:\Users\David\Documents\research\twitchScraper\chatty\cache\img\imgcache-usericon) [chatty.util.ImageCache/deleteExpiredFilesInSubDirs]
[2020-07-16 04:21:53/087 INFO] StatusPresets: Loaded 0/0 entries. [chatty.gui.components.admin.StatusHistory/loadFromSettings]
[2020-07-16 04:21:53/113 INFO] [LAF] Set default/Default [javax.swing.plaf.metal.MetalLookAndFeel] [chatty.gui.LaF/setLookAndFeel]
[2020-07-16 04:21:53/115 INFO] Create GUI.. [chatty.TwitchClient/<init>]
[2020-07-16 04:21:53/182 WARNING] Failed adding global hotkeys listener: Could not load JIntellitype.dll from local file system or from inside JAR [chatty.util.hotkeys.GlobalHotkeySetter/initialize]
[2020-07-16 04:21:53/455 INFO] Usericons: Loaded 0/0 [chatty.util.api.usericons.UsericonManager/loadFromSettings]
[2020-07-16 04:21:53/697 INFO] C[Patreon] Cache: Trying to load.. [chatty.util.SimpleCache/load]
[2020-07-16 04:21:53/698 INFO] [Patreon] Using data from file. [chatty.util.api.CachedManager/load]
[2020-07-16 04:21:53/965 INFO] Creating TrayIcon (16x16) [chatty.gui.TrayIconManager/<init>]
[2020-07-16 04:21:55/447 INFO] <[BTTV] https://api.betterttv.net/3/cached/emotes/global [chatty.util.UrlRequest/performRequest]
[2020-07-16 04:21:55/449 INFO] C[Other Badges] Cache: Trying to load.. [chatty.util.SimpleCache/load]
[2020-07-16 04:21:55/905 INFO] Added 205 third-party badges [chatty.util.api.usericons.UsericonManager/setThirdPartyIcons]
[2020-07-16 04:21:55/906 INFO] [Other Badges] Using data from file. [chatty.util.api.CachedManager/load]
[2020-07-16 04:21:55/907 INFO] <[Misc] https://tduva.com/res/misc [chatty.util.UrlRequest/performRequest]
[2020-07-16 04:21:55/927 INFO] Didn't load custom emotes: java.nio.file.NoSuchFileException: C:\Users\David\Documents\research\twitchScraper\chatty\emotes.txt [chatty.util.api.Emoticons/loadCustomEmotes]
[2020-07-16 04:21:56/126 INFO] Created 3082 emoji from source twemoji [chatty.gui.emoji.EmojiUtil/makeEmoticons]
[2020-07-16 04:21:56/134 INFO] Set to default sound device [chatty.util.Sound/setDeviceName]
[2020-07-16 04:21:56/147 INFO] GUI shown [chatty.TwitchClient/init]
[2020-07-16 04:21:56/151 Userinfo] Checking for new version.. [chatty.gui.components.updating.Version/checkForNewVersionForced]
[2020-07-16 04:21:56/158 INFO] Updating Stuff: javaHome: C:\Program Files (x86)\Java\jre1.8.0_241 / javawExe: yes / jarPath: C:\Users\David\Documents\research\twitchScraper\chatty\Chatty_0.12\Chatty.jar / chattyExe: null / tempDir: C:\Users\David\AppData\Local\Temp [chatty.gui.components.updating.Stuff/init]
[2020-07-16 04:21:56/160 INFO] Checking if old setup files should be deleted.. [chatty.gui.components.updating.Stuff/clearOldSetups]
[2020-07-16 04:21:56/162 INFO] < https://api.github.com/repos/chatty/chatty/releases [chatty.util.UrlRequest/performRequest]
[2020-07-16 04:21:56/253 INFO] >[BTTV] (200, 7,504, gzip): https://api.betterttv.net/3/cached/emotes/global [chatty.util.UrlRequest/performRequest]
[2020-07-16 04:21:56/254 INFO] |[BTTV] Found 71 emotes / 0 bots [chatty.util.BTTVEmotes/loadEmotes]
[2020-07-16 04:21:56/444 INFO] Added 71 emotes. Now 0 emotesets and 0 channels with exclusive emotes (0 global emotes). [chatty.util.api.Emoticons/addEmoticons]
[2020-07-16 04:21:56/494 INFO] >[Misc] (200, 72): https://tduva.com/res/misc [chatty.util.UrlRequest/performRequest]
[2020-07-16 04:21:56/495 INFO] Found 2 combined emotes [chatty.util.ChattyMisc/parseCombinedEmotes]
[2020-07-16 04:21:56/881 INFO] > (200, 322,471, gzip): https://api.github.com/repos/chatty/chatty/releases [chatty.util.UrlRequest/performRequest]
[2020-07-16 04:21:56/892 INFO] [UpdateCheck] Current: 0.12 Latest: 0.12 [chatty.gui.components.updating.Version/versionReceived]
[2020-07-16 04:21:57/866 INFO] Saving settings.. [chatty.TwitchClient/saveSettings]
[2020-07-16 04:21:57/876 INFO] Saving contents to file: C:\Users\David\Documents\research\twitchScraper\chatty\settings [chatty.util.settings.FileManager/saveToFile]
[2020-07-16 04:21:57/879 INFO] ATOMIC_MOVE failed: java.nio.file.AccessDeniedException: C:\Users\David\Documents\research\twitchScraper\chatty\settings-temp -> C:\Users\David\Documents\research\twitchScraper\chatty\settings [chatty.util.MiscUtil/moveFile]
[2020-07-16 04:21:57/879 WARNING] Error saving file: java.nio.file.DirectoryNotEmptyException: C:\Users\David\Documents\research\twitchScraper\chatty\settings [chatty.util.settings.FileManager/saveToFile]
[2020-07-16 04:21:57/879 INFO] Saving contents to file: C:\Users\David\Documents\research\twitchScraper\chatty\backup\session__settings [chatty.util.settings.FileManager/saveToFile]
[2020-07-16 04:21:57/882 INFO] Unused file doesn't exist: C:\Users\David\Documents\research\twitchScraper\chatty\statusPresets [chatty.util.settings.FileManager/removeFile]
[2020-07-16 04:21:57/882 INFO] Unused file doesn't exist: C:\Users\David\Documents\research\twitchScraper\chatty\favoritesAndHistory [chatty.util.settings.FileManager/removeFile]
[2020-07-16 04:21:57/882 INFO] Not writing login (known content) [chatty.util.settings.FileManager/save]
[2020-07-16 04:21:57/973 INFO] Log: total: 1 / queue size (avg: 0, max: 0) / errors: 0 [chatty.util.chatlog.LogWriter/outputStats]
[2020-07-16 04:21:57/974 INFO] Log: total: 1 / queue size (avg: 0, max: 0) / errors: 0 [chatty.util.chatlog.LogWriter/outputStats]
[2020-07-16 04:21:57/974 INFO] Shutdown [chatty.Shutdown/run]
